Performing C++ SOURCE FILE Test COMPILER_HAS_DEPRECATED_ATTR failed with the following output:
Change Dir: C:/Users/jesie/Documents/Cours/Polytech Tours/S8/Aero/ProjetS8/out/build/x64-Debug/CMakeFiles/CMakeScratch/TryCompile-p2478w

Run Build Command(s):C:/Program Files/Microsoft Visual Studio/2022/Community/Common7/IDE/CommonExtensions/Microsoft/CMake/Ninja/ninja.exe cmTC_7b668 && [1/2] Building CXX object CMakeFiles\cmTC_7b668.dir\src.cxx.obj
FAILED: CMakeFiles/cmTC_7b668.dir/src.cxx.obj 
C:\PROGRA~1\MIB055~1\2022\COMMUN~1\VC\Tools\MSVC\1435~1.322\bin\Hostx64\x64\cl.exe  /nologo /TP -DCOMPILER_HAS_DEPRECATED_ATTR  /DWIN32 /D_WINDOWS /EHsc  /Zi /Ob0 /Od /RTC1 -MDd -std:c++17 /showIncludes /FoCMakeFiles\cmTC_7b668.dir\src.cxx.obj /FdCMakeFiles\cmTC_7b668.dir\ /FS -c "C:\Users\jesie\Documents\Cours\Polytech Tours\S8\Aero\ProjetS8\out\build\x64-Debug\CMakeFiles\CMakeScratch\TryCompile-p2478w\src.cxx"
C:\Users\jesie\Documents\Cours\Polytech Tours\S8\Aero\ProjetS8\out\build\x64-Debug\CMakeFiles\CMakeScratch\TryCompile-p2478w\src.cxx(1): error C2065: '__deprecated__' : identificateur non déclaré
C:\Users\jesie\Documents\Cours\Polytech Tours\S8\Aero\ProjetS8\out\build\x64-Debug\CMakeFiles\CMakeScratch\TryCompile-p2478w\src.cxx(1): error C4430: spécificateur de type manquant - int est pris en compte par défaut. Remarque : C++ ne prend pas en charge int par défaut
C:\Users\jesie\Documents\Cours\Polytech Tours\S8\Aero\ProjetS8\out\build\x64-Debug\CMakeFiles\CMakeScratch\TryCompile-p2478w\src.cxx(1): error C2062: type 'int' inattendu
C:\Users\jesie\Documents\Cours\Polytech Tours\S8\Aero\ProjetS8\out\build\x64-Debug\CMakeFiles\CMakeScratch\TryCompile-p2478w\src.cxx(1): error C2143: erreur de syntaxe : absence de ';' avant '{'
C:\Users\jesie\Documents\Cours\Polytech Tours\S8\Aero\ProjetS8\out\build\x64-Debug\CMakeFiles\CMakeScratch\TryCompile-p2478w\src.cxx(1): error C2447: '{' : en-tête de fonction manquant (liste formelle à l'ancien format ?)
C:\Users\jesie\Documents\Cours\Polytech Tours\S8\Aero\ProjetS8\out\build\x64-Debug\CMakeFiles\CMakeScratch\TryCompile-p2478w\src.cxx(2): error C3861: 'somefunc' : identificateur introuvable
ninja: build stopped: subcommand failed.


Source file was:
__attribute__((__deprecated__)) int somefunc() { return 0; }
    int main() { return somefunc();}

